[DEBUG] Hold up! This model wants to reference some configs. I'm populating that data now... This might take just a moment!
[DEBUG] Populated [actor].
[DEBUG] Populated [area].
[DEBUG] Populated [behavior].
[DEBUG] Populated [cursor].
[DEBUG] Populated [effect].
[DEBUG] Populated [font].
[DEBUG] Populated [ground].
[DEBUG] Populated [interface_script].
[DEBUG] Populated [material].
[DEBUG] Populated [parameterized_handler].
[DEBUG] Populated [path].
[DEBUG] Populated [placeable].
[DEBUG] Populated [render_effect].
[DEBUG] Populated [render_queue].
[DEBUG] Populated [render_scheme].
[DEBUG] Populated [scene_global].
[DEBUG] Populated [shader].
[DEBUG] Populated [sounder].
[DEBUG] Populated [style].
[DEBUG] Populated [texture].
[DEBUG] Populated [tile].
[DEBUG] Populated [wall].
Config data has been populated.
Working. This might take a bit...
[DEBUG] Loading [E:\Steam Games\steamapps\common\Spiral Knights\rsrc\world\skybox\clockwork_skydome\model.dat] because it hasn't been initialized before...
[TRACE] Read file to grab the raw info.
[TRACE] Instantiated global transform as identity transform with scale=1
[TRACE] Clyde object is ModelConfig.
[DEBUG] Model is of the type 'ViewerAffecterConfig'. Accessing handlers...
[DEBUG] Loading [E:\Steam Games\steamapps\common\Spiral Knights\rsrc\world\skybox\clockwork_skydome\widgets\model_uniformblur.dat] because it hasn't been initialized before...
[TRACE] Read file to grab the raw info.
[TRACE] Instantiated global transform by cloning the existing passed in transform of [[0.0, 0.0, 0.0], [0.0, 0.0, 0.0, 1.0]]
[TRACE] Clyde object is ModelConfig.
[DEBUG] Model is of the type 'CompoundConfig'. Accessing handlers...
[DEBUG] Loading [E:\Steam Games\steamapps\common\Spiral Knights\rsrc\world\skybox\clockwork_skydome\widgets\base.dat] because it hasn't been initialized before...
[TRACE] Read file to grab the raw info.
[TRACE] Instantiated global transform by cloning the existing passed in transform of [[0.0, 0.0, 0.0], [0.0, 0.0, 0.0, 1.0]]
[TRACE] Clyde object is ModelConfig.
[DEBUG] Model is of the type 'ArticulatedConfig'. Accessing handlers...
Resolved Model/Skybox/Masked (Hard) as com.threerings.opengl.material.config.MaterialConfig
Resolved 2D/File/Default as com.threerings.opengl.renderer.config.TextureConfig
[DEBUG] Loading [E:\Steam Games\steamapps\common\Spiral Knights\rsrc\world\skybox\clockwork_skydome\widgets\wheel.dat] because it hasn't been initialized before...
[TRACE] Read file to grab the raw info.
[TRACE] Instantiated global transform by cloning the existing passed in transform of [[0.0, 0.0, 0.0], [0.0, 0.0, 0.0, 1.0]]
[TRACE] Clyde object is ModelConfig.
[DEBUG] Model is of the type 'ArticulatedConfig'. Accessing handlers...
[DEBUG] Loading [E:\Steam Games\steamapps\common\Spiral Knights\rsrc\animation\procedural\rotate_x.dat] because it hasn't been initialized before...
[TRACE] Read file to grab the raw info.
ALERT: Model attempted to set value of Direct [value] but it failed due to a type mismatch! Certain data on this model might be incorrect.

[TRACE] Loading Clyde object from cache because this .dat file has already been loaded.
ALERT: Model attempted to set value of Direct [value] but it failed due to a type mismatch! Certain data on this model might be incorrect.

[TRACE] Loading Clyde object from cache because this .dat file has already been loaded.
ALERT: Model attempted to set value of Direct [value] but it failed due to a type mismatch! Certain data on this model might be incorrect.

[TRACE] Attached [widgets.wheel-MeshNodes["mesh_turnwheel_house"]] to [bone_wheel1]
[TRACE] Attached [widgets.wheel-MeshNodes["mesh_turnwheel"]] to [bone_wheel1]
[TRACE] Attached [widgets.wheel-Nodes["bone_turnwheel_support1"]] to [bone_wheel1]
[TRACE] Attached [widgets.wheel-MeshNodes["mesh_turnwheel_support1"]] to [bone_wheel1]
[TRACE] Attached [widgets.wheel-Nodes["bone_turnwheel_support2"]] to [bone_wheel1]
[TRACE] Attached [widgets.wheel-MeshNodes["mesh_turnwheel_support2"]] to [bone_wheel1]
[TRACE] Loading Clyde object from cache because this .dat file has already been loaded.
[TRACE] Instantiated global transform by cloning the existing passed in transform of [[0.0, 0.0, 0.0], [0.0, 0.0, 0.0, 1.0]]
[TRACE] Clyde object is ModelConfig.
[DEBUG] Model is of the type 'ArticulatedConfig'. Accessing handlers...
[TRACE] Loading Clyde object from cache because this .dat file has already been loaded.
ALERT: Model attempted to set value of Direct [value] but it failed due to a type mismatch! Certain data on this model might be incorrect.

[TRACE] Loading Clyde object from cache because this .dat file has already been loaded.
ALERT: Model attempted to set value of Direct [value] but it failed due to a type mismatch! Certain data on this model might be incorrect.

[TRACE] Loading Clyde object from cache because this .dat file has already been loaded.
ALERT: Model attempted to set value of Direct [value] but it failed due to a type mismatch! Certain data on this model might be incorrect.

[TRACE] Attached [widgets.wheel-MeshNodes["mesh_turnwheel_house"]] to [bone_wheel2]
[TRACE] Attached [widgets.wheel-MeshNodes["mesh_turnwheel"]] to [bone_wheel2]
[TRACE] Attached [widgets.wheel-Nodes["bone_turnwheel_support1"]] to [bone_wheel2]
[TRACE] Attached [widgets.wheel-MeshNodes["mesh_turnwheel_support1"]] to [bone_wheel2]
[TRACE] Attached [widgets.wheel-Nodes["bone_turnwheel_support2"]] to [bone_wheel2]
[TRACE] Attached [widgets.wheel-MeshNodes["mesh_turnwheel_support2"]] to [bone_wheel2]
[TRACE] Loading Clyde object from cache because this .dat file has already been loaded.
[TRACE] Instantiated global transform by cloning the existing passed in transform of [[0.0, 0.0, 0.0], [0.0, 0.0, 0.0, 1.0]]
[TRACE] Clyde object is ModelConfig.
[DEBUG] Model is of the type 'ArticulatedConfig'. Accessing handlers...
[TRACE] Loading Clyde object from cache because this .dat file has already been loaded.
ALERT: Model attempted to set value of Direct [value] but it failed due to a type mismatch! Certain data on this model might be incorrect.

[TRACE] Loading Clyde object from cache because this .dat file has already been loaded.
ALERT: Model attempted to set value of Direct [value] but it failed due to a type mismatch! Certain data on this model might be incorrect.

[TRACE] Loading Clyde object from cache because this .dat file has already been loaded.
ALERT: Model attempted to set value of Direct [value] but it failed due to a type mismatch! Certain data on this model might be incorrect.

[TRACE] Attached [widgets.wheel-MeshNodes["mesh_turnwheel_house"]] to [bone_wheel3]
[TRACE] Attached [widgets.wheel-MeshNodes["mesh_turnwheel"]] to [bone_wheel3]
[TRACE] Attached [widgets.wheel-Nodes["bone_turnwheel_support1"]] to [bone_wheel3]
[TRACE] Attached [widgets.wheel-MeshNodes["mesh_turnwheel_support1"]] to [bone_wheel3]
[TRACE] Attached [widgets.wheel-Nodes["bone_turnwheel_support2"]] to [bone_wheel3]
[TRACE] Attached [widgets.wheel-MeshNodes["mesh_turnwheel_support2"]] to [bone_wheel3]
[DEBUG] Loading [E:\Steam Games\steamapps\common\Spiral Knights\rsrc\world\skybox\clockwork_skydome\widgets\grem4.dat] because it hasn't been initialized before...
[TRACE] Read file to grab the raw info.
[TRACE] Instantiated global transform by cloning the existing passed in transform of [[0.0, 0.0, 0.0], [0.0, 0.0, 0.0, 1.0]]
[TRACE] Clyde object is ModelConfig.
[DEBUG] Model is of the type 'ArticulatedConfig'. Accessing handlers...
[DEBUG] Loading [E:\Steam Games\steamapps\common\Spiral Knights\rsrc\world\skybox\clockwork_skydome\widgets\welding.dat] because it hasn't been initialized before...
[TRACE] Read file to grab the raw info.
[TRACE] Instantiated global transform by cloning the existing passed in transform of [[0.0, 0.0, 0.0], [0.0, 0.0, 0.0, 1.0]]
[TRACE] Clyde object is ModelConfig.
[DEBUG] 
ERROR: A ModelConfig had an unknown implementation!
=> Implementation: ParticleSystemConfig
=> Referenced In: E:/Steam Games/steamapps/common/Spiral Knights/rsrc/world/skybox/clockwork_skydome/widgets/welding.dat

[TRACE] Attached [widgets.grem4-MeshNodes["grem4"]] to [bone_grem00]
[TRACE] Attached [widgets.grem4-Nodes["grem4_node"]] to [bone_grem00]
[DEBUG] Loading [E:\Steam Games\steamapps\common\Spiral Knights\rsrc\world\skybox\clockwork_skydome\widgets\grem2.dat] because it hasn't been initialized before...
[TRACE] Read file to grab the raw info.
[TRACE] Instantiated global transform by cloning the existing passed in transform of [[0.0, 0.0, 0.0], [0.0, 0.0, 0.0, 1.0]]
[TRACE] Clyde object is ModelConfig.
[DEBUG] Model is of the type 'ArticulatedConfig'. Accessing handlers...
[TRACE] Attached [widgets.grem2-MeshNodes["grem1"]] to [bone_grem01]
[DEBUG] Loading [E:\Steam Games\steamapps\common\Spiral Knights\rsrc\world\skybox\clockwork_skydome\widgets\grem3.dat] because it hasn't been initialized before...
[TRACE] Read file to grab the raw info.
[TRACE] Instantiated global transform by cloning the existing passed in transform of [[0.0, 0.0, 0.0], [0.0, 0.0, 0.0, 1.0]]
[TRACE] Clyde object is ModelConfig.
[DEBUG] Model is of the type 'ArticulatedConfig'. Accessing handlers...
[TRACE] Attached [widgets.grem3-MeshNodes["grem3"]] to [bone_grem02]
[DEBUG] Loading [E:\Steam Games\steamapps\common\Spiral Knights\rsrc\world\skybox\clockwork_skydome\widgets\grem1.dat] because it hasn't been initialized before...
[TRACE] Read file to grab the raw info.
[TRACE] Instantiated global transform by cloning the existing passed in transform of [[0.0, 0.0, 0.0], [0.0, 0.0, 0.0, 1.0]]
[TRACE] Clyde object is ModelConfig.
[DEBUG] Model is of the type 'ArticulatedConfig'. Accessing handlers...
[TRACE] Attached [widgets.grem1-MeshNodes["grem2"]] to [bone_grem03]
[TRACE] Loading Clyde object from cache because this .dat file has already been loaded.
[TRACE] Instantiated global transform by cloning the existing passed in transform of [[0.0, 0.0, 0.0], [0.0, 0.0, 0.0, 1.0]]
[TRACE] Clyde object is ModelConfig.
[DEBUG] Model is of the type 'ArticulatedConfig'. Accessing handlers...
[TRACE] Attached [widgets.grem3-MeshNodes["grem3"]] to [bone_grem04]
[TRACE] Loading Clyde object from cache because this .dat file has already been loaded.
[TRACE] Instantiated global transform by cloning the existing passed in transform of [[0.0, 0.0, 0.0], [0.0, 0.0, 0.0, 1.0]]
[TRACE] Clyde object is ModelConfig.
[DEBUG] Model is of the type 'ArticulatedConfig'. Accessing handlers...
[TRACE] Loading Clyde object from cache because this .dat file has already been loaded.
[TRACE] Instantiated global transform by cloning the existing passed in transform of [[0.0, 0.0, 0.0], [0.0, 0.0, 0.0, 1.0]]
[TRACE] Clyde object is ModelConfig.
[DEBUG] 
ERROR: A ModelConfig had an unknown implementation!
=> Implementation: ParticleSystemConfig
=> Referenced In: E:/Steam Games/steamapps/common/Spiral Knights/rsrc/world/skybox/clockwork_skydome/widgets/welding.dat

[TRACE] Attached [widgets.grem4-MeshNodes["grem4"]] to [bone_grem05]
[TRACE] Attached [widgets.grem4-Nodes["grem4_node"]] to [bone_grem05]
[TRACE] Loading Clyde object from cache because this .dat file has already been loaded.
[TRACE] Instantiated global transform by cloning the existing passed in transform of [[0.0, 0.0, 0.0], [0.0, 0.0, 0.0, 1.0]]
[TRACE] Clyde object is ModelConfig.
[DEBUG] Model is of the type 'ArticulatedConfig'. Accessing handlers...
[TRACE] Loading Clyde object from cache because this .dat file has already been loaded.
[TRACE] Instantiated global transform by cloning the existing passed in transform of [[0.0, 0.0, 0.0], [0.0, 0.0, 0.0, 1.0]]
[TRACE] Clyde object is ModelConfig.
[DEBUG] 
ERROR: A ModelConfig had an unknown implementation!
=> Implementation: ParticleSystemConfig
=> Referenced In: E:/Steam Games/steamapps/common/Spiral Knights/rsrc/world/skybox/clockwork_skydome/widgets/welding.dat

[TRACE] Attached [widgets.grem4-MeshNodes["grem4"]] to [bone_grem06]
[TRACE] Attached [widgets.grem4-Nodes["grem4_node"]] to [bone_grem06]
[DEBUG] Loading [E:\Steam Games\steamapps\common\Spiral Knights\rsrc\particle\ambient_simpleglow_manual_nooffset.dat] because it hasn't been initialized before...
[TRACE] Read file to grab the raw info.
[TRACE] Instantiated global transform by cloning the existing passed in transform of [[0.0, 0.0, 0.0], [0.0, 0.0, 0.0, 1.0]]
[TRACE] Clyde object is ModelConfig.
[DEBUG] 
ERROR: A ModelConfig had an unknown implementation!
=> Implementation: ParticleSystemConfig
=> Referenced In: E:/Steam Games/steamapps/common/Spiral Knights/rsrc/particle/ambient_simpleglow_manual_nooffset.dat

[DEBUG] Loading [E:\Steam Games\steamapps\common\Spiral Knights\rsrc\world\skybox\clockwork_skydome\widgets\bigolbox_animated.dat] because it hasn't been initialized before...
[TRACE] Read file to grab the raw info.
[TRACE] Instantiated global transform by cloning the existing passed in transform of [[0.0, 0.0, 0.0], [0.0, 0.0, 0.0, 1.0]]
[TRACE] Clyde object is ModelConfig.
[DEBUG] 
ERROR: A ModelConfig had an unknown implementation!
=> Implementation: ParticleSystemConfig
=> Referenced In: E:/Steam Games/steamapps/common/Spiral Knights/rsrc/world/skybox/clockwork_skydome/widgets/bigolbox_animated.dat

[DEBUG] Loading [E:\Steam Games\steamapps\common\Spiral Knights\rsrc\world\skybox\clockwork_skydome\widgets\mist_animated.dat] because it hasn't been initialized before...
[TRACE] Read file to grab the raw info.
[TRACE] Instantiated global transform by cloning the existing passed in transform of [[0.0, 0.0, 0.0], [0.0, 0.0, 0.0, 1.0]]
[TRACE] Clyde object is ModelConfig.
[DEBUG] 
ERROR: A ModelConfig had an unknown implementation!
=> Implementation: ParticleSystemConfig
=> Referenced In: E:/Steam Games/steamapps/common/Spiral Knights/rsrc/world/skybox/clockwork_skydome/widgets/mist_animated.dat

[DEBUG] Loading [E:\Steam Games\steamapps\common\Spiral Knights\rsrc\animation\procedural\rotate_z.dat] because it hasn't been initialized before...
[TRACE] Read file to grab the raw info.
ALERT: Model attempted to set value of Direct [value] but it failed due to a type mismatch! Certain data on this model might be incorrect.

[TRACE] Loading Clyde object from cache because this .dat file has already been loaded.
ALERT: Model attempted to set value of Direct [value] but it failed due to a type mismatch! Certain data on this model might be incorrect.

[TRACE] Loading Clyde object from cache because this .dat file has already been loaded.
ALERT: Model attempted to set value of Direct [value] but it failed due to a type mismatch! Certain data on this model might be incorrect.

[TRACE] Loading Clyde object from cache because this .dat file has already been loaded.
ALERT: Model attempted to set value of Direct [value] but it failed due to a type mismatch! Certain data on this model might be incorrect.

[TRACE] Loading Clyde object from cache because this .dat file has already been loaded.
ALERT: Model attempted to set value of Direct [value] but it failed due to a type mismatch! Certain data on this model might be incorrect.

[DEBUG] Loading [E:\Steam Games\steamapps\common\Spiral Knights\rsrc\animation\procedural\rotate_y.dat] because it hasn't been initialized before...
[TRACE] Read file to grab the raw info.
ALERT: Model attempted to set value of Direct [value] but it failed due to a type mismatch! Certain data on this model might be incorrect.

[TRACE] Loading Clyde object from cache because this .dat file has already been loaded.
ALERT: Model attempted to set value of Direct [value] but it failed due to a type mismatch! Certain data on this model might be incorrect.

[TRACE] Loading Clyde object from cache because this .dat file has already been loaded.
ALERT: Model attempted to set value of Direct [value] but it failed due to a type mismatch! Certain data on this model might be incorrect.

[TRACE] Loading Clyde object from cache because this .dat file has already been loaded.
ALERT: Model attempted to set value of Direct [value] but it failed due to a type mismatch! Certain data on this model might be incorrect.

[TRACE] Loading Clyde object from cache because this .dat file has already been loaded.
ALERT: Model attempted to set value of Direct [value] but it failed due to a type mismatch! Certain data on this model might be incorrect.

[TRACE] Loading Clyde object from cache because this .dat file has already been loaded.
ALERT: Model attempted to set value of Direct [value] but it failed due to a type mismatch! Certain data on this model might be incorrect.

[TRACE] Loading Clyde object from cache because this .dat file has already been loaded.
ALERT: Model attempted to set value of Direct [value] but it failed due to a type mismatch! Certain data on this model might be incorrect.

[TRACE] Loading Clyde object from cache because this .dat file has already been loaded.
ALERT: Model attempted to set value of Direct [value] but it failed due to a type mismatch! Certain data on this model might be incorrect.

[TRACE] Loading Clyde object from cache because this .dat file has already been loaded.
ALERT: Model attempted to set value of Direct [value] but it failed due to a type mismatch! Certain data on this model might be incorrect.

[DEBUG] Loading [E:\Steam Games\steamapps\common\Spiral Knights\rsrc\world\skybox\render_effect\uniformblur-skybox.dat] because it hasn't been initialized before...
[TRACE] Read file to grab the raw info.
[TRACE] Instantiated global transform by cloning the existing passed in transform of [[0.0, 0.0, 0.0], [0.0, 0.0, 0.0, 1.0]]
[TRACE] Clyde object is ModelConfig.
[DEBUG] Model is of the type 'ViewerAffecterConfig'. Accessing handlers...
Number of models loaded: 32 (0 as variants in one or more StaticSetConfigs, which may not be exported depending on your preferences.)
Number of unique meshes instantiated: 22
